2021-03-23 13:40:06.275UTC ERROR[Router-akka.actor.default-dispatcher-5] a.a.OneForOneStrategy - 6
java.lang.IndexOutOfBoundsException: 6
	at scala.collection.LinearSeqOps.apply(LinearSeq.scala:116)
	at scala.collection.LinearSeqOps.apply$(LinearSeq.scala:113)
	at scala.collection.immutable.List.apply(List.scala:79)
	at MasterActor$$anonfun$receive$1.$anonfun$applyOrElse$2(centralised_dpp.scala:33)
	at scala.collection.immutable.Range.foreach$mVc$sp(Range.scala:190)
	at MasterActor$$anonfun$receive$1.$anonfun$applyOrElse$1(centralised_dpp.scala:31)
	at scala.collection.immutable.Range.foreach$mVc$sp(Range.scala:190)
	at MasterActor$$anonfun$receive$1.applyOrElse(centralised_dpp.scala:28)
	at akka.actor.Actor.aroundReceive(Actor.scala:537)
	at akka.actor.Actor.aroundReceive$(Actor.scala:535)
	at MasterActor.aroundReceive(centralised_dpp.scala:16)
	at akka.actor.ActorCell.receiveMessage(ActorCell.scala:577)
	at akka.actor.ActorCell.invoke(ActorCell.scala:547)
	at akka.dispatch.Mailbox.processMailbox(Mailbox.scala:270)
	at akka.dispatch.Mailbox.run(Mailbox.scala:231)
	at akka.dispatch.Mailbox.exec(Mailbox.scala:243)
	at java.util.concurrent.ForkJoinTask.doExec(ForkJoinTask.java:289)
	at java.util.concurrent.ForkJoinPool$WorkQueue.runTask(ForkJoinPool.java:1056)
	at java.util.concurrent.ForkJoinPool.runWorker(ForkJoinPool.java:1692)
	at java.util.concurrent.ForkJoinWorkerThread.run(ForkJoinWorkerThread.java:175)
2021-03-23 13:44:03.052UTC ERROR[Router-akka.actor.default-dispatcher-5] a.a.OneForOneStrategy - 2
java.lang.IndexOutOfBoundsException: 2
	at scala.collection.LinearSeqOps.apply(LinearSeq.scala:116)
	at scala.collection.LinearSeqOps.apply$(LinearSeq.scala:113)
	at scala.collection.immutable.List.apply(List.scala:79)
	at MasterActor$$anonfun$receive$1.$anonfun$applyOrElse$2(centralised_dpp.scala:34)
	at scala.collection.immutable.Range.foreach$mVc$sp(Range.scala:190)
	at MasterActor$$anonfun$receive$1.$anonfun$applyOrElse$1(centralised_dpp.scala:32)
	at scala.collection.immutable.Range.foreach$mVc$sp(Range.scala:190)
	at MasterActor$$anonfun$receive$1.applyOrElse(centralised_dpp.scala:28)
	at akka.actor.Actor.aroundReceive(Actor.scala:537)
	at akka.actor.Actor.aroundReceive$(Actor.scala:535)
	at MasterActor.aroundReceive(centralised_dpp.scala:16)
	at akka.actor.ActorCell.receiveMessage(ActorCell.scala:577)
	at akka.actor.ActorCell.invoke(ActorCell.scala:547)
	at akka.dispatch.Mailbox.processMailbox(Mailbox.scala:270)
	at akka.dispatch.Mailbox.run(Mailbox.scala:231)
	at akka.dispatch.Mailbox.exec(Mailbox.scala:243)
	at java.util.concurrent.ForkJoinTask.doExec(ForkJoinTask.java:289)
	at java.util.concurrent.ForkJoinPool$WorkQueue.runTask(ForkJoinPool.java:1056)
	at java.util.concurrent.ForkJoinPool.runWorker(ForkJoinPool.java:1692)
	at java.util.concurrent.ForkJoinWorkerThread.run(ForkJoinWorkerThread.java:175)
