2021-03-23 13:40:06.275UTC ERROR[Router-akka.actor.default-dispatcher-5] a.a.OneForOneStrategy - 6
java.lang.IndexOutOfBoundsException: 6
	at scala.collection.LinearSeqOps.apply(LinearSeq.scala:116)
	at scala.collection.LinearSeqOps.apply$(LinearSeq.scala:113)
	at scala.collection.immutable.List.apply(List.scala:79)
	at MasterActor$$anonfun$receive$1.$anonfun$applyOrElse$2(centralised_dpp.scala:33)
	at scala.collection.immutable.Range.foreach$mVc$sp(Range.scala:190)
	at MasterActor$$anonfun$receive$1.$anonfun$applyOrElse$1(centralised_dpp.scala:31)
	at scala.collection.immutable.Range.foreach$mVc$sp(Range.scala:190)
	at MasterActor$$anonfun$receive$1.applyOrElse(centralised_dpp.scala:28)
	at akka.actor.Actor.aroundReceive(Actor.scala:537)
	at akka.actor.Actor.aroundReceive$(Actor.scala:535)
	at MasterActor.aroundReceive(centralised_dpp.scala:16)
	at akka.actor.ActorCell.receiveMessage(ActorCell.scala:577)
	at akka.actor.ActorCell.invoke(ActorCell.scala:547)
	at akka.dispatch.Mailbox.processMailbox(Mailbox.scala:270)
	at akka.dispatch.Mailbox.run(Mailbox.scala:231)
	at akka.dispatch.Mailbox.exec(Mailbox.scala:243)
	at java.util.concurrent.ForkJoinTask.doExec(ForkJoinTask.java:289)
	at java.util.concurrent.ForkJoinPool$WorkQueue.runTask(ForkJoinPool.java:1056)
	at java.util.concurrent.ForkJoinPool.runWorker(ForkJoinPool.java:1692)
	at java.util.concurrent.ForkJoinWorkerThread.run(ForkJoinWorkerThread.java:175)
2021-03-23 13:44:03.052UTC ERROR[Router-akka.actor.default-dispatcher-5] a.a.OneForOneStrategy - 2
java.lang.IndexOutOfBoundsException: 2
	at scala.collection.LinearSeqOps.apply(LinearSeq.scala:116)
	at scala.collection.LinearSeqOps.apply$(LinearSeq.scala:113)
	at scala.collection.immutable.List.apply(List.scala:79)
	at MasterActor$$anonfun$receive$1.$anonfun$applyOrElse$2(centralised_dpp.scala:34)
	at scala.collection.immutable.Range.foreach$mVc$sp(Range.scala:190)
	at MasterActor$$anonfun$receive$1.$anonfun$applyOrElse$1(centralised_dpp.scala:32)
	at scala.collection.immutable.Range.foreach$mVc$sp(Range.scala:190)
	at MasterActor$$anonfun$receive$1.applyOrElse(centralised_dpp.scala:28)
	at akka.actor.Actor.aroundReceive(Actor.scala:537)
	at akka.actor.Actor.aroundReceive$(Actor.scala:535)
	at MasterActor.aroundReceive(centralised_dpp.scala:16)
	at akka.actor.ActorCell.receiveMessage(ActorCell.scala:577)
	at akka.actor.ActorCell.invoke(ActorCell.scala:547)
	at akka.dispatch.Mailbox.processMailbox(Mailbox.scala:270)
	at akka.dispatch.Mailbox.run(Mailbox.scala:231)
	at akka.dispatch.Mailbox.exec(Mailbox.scala:243)
	at java.util.concurrent.ForkJoinTask.doExec(ForkJoinTask.java:289)
	at java.util.concurrent.ForkJoinPool$WorkQueue.runTask(ForkJoinPool.java:1056)
	at java.util.concurrent.ForkJoinPool.runWorker(ForkJoinPool.java:1692)
	at java.util.concurrent.ForkJoinWorkerThread.run(ForkJoinWorkerThread.java:175)
2021-03-30 11:39:23.286UTC ERROR[EventsRouter-akka.actor.default-dispatcher-7] a.a.OneForOneStrategy - You cannot create an instance of [TicketSellerActor] explicitly using the constructor (new). You have to use one of the 'actorOf' factory methods to create a new actor. See the documentation.
akka.actor.ActorInitializationException: You cannot create an instance of [TicketSellerActor] explicitly using the constructor (new). You have to use one of the 'actorOf' factory methods to create a new actor. See the documentation.
	at akka.actor.ActorInitializationException$.apply(Actor.scala:198)
	at akka.actor.Actor.$init$(Actor.scala:492)
	at TicketSellerActor.<init>(actors.scala:58)
	at BoxOfficeActor$$anonfun$receive$2.applyOrElse(actors.scala:44)
	at akka.actor.Actor.aroundReceive(Actor.scala:537)
	at akka.actor.Actor.aroundReceive$(Actor.scala:535)
	at BoxOfficeActor.aroundReceive(actors.scala:38)
	at akka.actor.ActorCell.receiveMessage(ActorCell.scala:577)
	at akka.actor.ActorCell.invoke(ActorCell.scala:547)
	at akka.dispatch.Mailbox.processMailbox(Mailbox.scala:270)
	at akka.dispatch.Mailbox.run(Mailbox.scala:231)
	at akka.dispatch.Mailbox.exec(Mailbox.scala:243)
	at java.base/java.util.concurrent.ForkJoinTask.doExec(ForkJoinTask.java:290)
	at java.base/java.util.concurrent.ForkJoinPool$WorkQueue.topLevelExec(ForkJoinPool.java:1020)
	at java.base/java.util.concurrent.ForkJoinPool.scan(ForkJoinPool.java:1656)
	at java.base/java.util.concurrent.ForkJoinPool.runWorker(ForkJoinPool.java:1594)
	at java.base/java.util.concurrent.ForkJoinWorkerThread.run(ForkJoinWorkerThread.java:183)
2021-04-03 16:05:48.632UTC ERROR[EventsRouter-akka.actor.default-dispatcher-9] BoxOfficeActor - TicketRequest : ticketSeller is null
2021-04-03 16:37:33.373UTC ERROR[EventsRouter-akka.actor.default-dispatcher-11] a.a.OneForOneStrategy - Invalid actor path element [Daft Punk], illegal character [ ] at position: 4. Actor paths MUST: not start with `$`, include only ASCII letters and can only contain these special characters: -_.*$+:@&=,!~';.
akka.actor.InvalidActorNameException: Invalid actor path element [Daft Punk], illegal character [ ] at position: 4. Actor paths MUST: not start with `$`, include only ASCII letters and can only contain these special characters: -_.*$+:@&=,!~';.
	at akka.actor.ActorPath$.validatePathElement(ActorPath.scala:100)
	at akka.actor.ActorPath$.validatePathElement(ActorPath.scala:78)
	at akka.actor.dungeon.Children.checkName(Children.scala:250)
	at akka.actor.dungeon.Children.attachChild(Children.scala:52)
	at akka.actor.dungeon.Children.attachChild$(Children.scala:51)
	at akka.actor.ActorCell.attachChild(ActorCell.scala:410)
	at akka.actor.ActorSystemImpl.actorOf(ActorSystem.scala:892)
	at BoxOfficeActor$$anonfun$receive$2.applyOrElse(actors.scala:64)
	at akka.actor.Actor.aroundReceive(Actor.scala:537)
	at akka.actor.Actor.aroundReceive$(Actor.scala:535)
	at BoxOfficeActor.aroundReceive(actors.scala:58)
	at akka.actor.ActorCell.receiveMessage(ActorCell.scala:577)
	at akka.actor.ActorCell.invoke(ActorCell.scala:547)
	at akka.dispatch.Mailbox.processMailbox(Mailbox.scala:270)
	at akka.dispatch.Mailbox.run(Mailbox.scala:231)
	at akka.dispatch.Mailbox.exec(Mailbox.scala:243)
	at java.base/java.util.concurrent.ForkJoinTask.doExec(ForkJoinTask.java:290)
	at java.base/java.util.concurrent.ForkJoinPool$WorkQueue.topLevelExec(ForkJoinPool.java:1020)
	at java.base/java.util.concurrent.ForkJoinPool.scan(ForkJoinPool.java:1656)
	at java.base/java.util.concurrent.ForkJoinPool.runWorker(ForkJoinPool.java:1594)
	at java.base/java.util.concurrent.ForkJoinWorkerThread.run(ForkJoinWorkerThread.java:183)
2021-04-03 16:46:20.913UTC ERROR[EventsRouter-akka.actor.default-dispatcher-8] a.a.OneForOneStrategy - Invalid actor path element [Daft Punk], illegal character [ ] at position: 4. Actor paths MUST: not start with `$`, include only ASCII letters and can only contain these special characters: -_.*$+:@&=,!~';.
akka.actor.InvalidActorNameException: Invalid actor path element [Daft Punk], illegal character [ ] at position: 4. Actor paths MUST: not start with `$`, include only ASCII letters and can only contain these special characters: -_.*$+:@&=,!~';.
	at akka.actor.ActorPath$.validatePathElement(ActorPath.scala:100)
	at akka.actor.ActorPath$.validatePathElement(ActorPath.scala:78)
	at akka.actor.dungeon.Children.checkName(Children.scala:250)
	at akka.actor.dungeon.Children.attachChild(Children.scala:52)
	at akka.actor.dungeon.Children.attachChild$(Children.scala:51)
	at akka.actor.ActorCell.attachChild(ActorCell.scala:410)
	at akka.actor.ActorSystemImpl.actorOf(ActorSystem.scala:892)
	at BoxOfficeActor$$anonfun$receive$2.applyOrElse(actors.scala:64)
	at akka.actor.Actor.aroundReceive(Actor.scala:537)
	at akka.actor.Actor.aroundReceive$(Actor.scala:535)
	at BoxOfficeActor.aroundReceive(actors.scala:58)
	at akka.actor.ActorCell.receiveMessage(ActorCell.scala:577)
	at akka.actor.ActorCell.invoke(ActorCell.scala:547)
	at akka.dispatch.Mailbox.processMailbox(Mailbox.scala:270)
	at akka.dispatch.Mailbox.run(Mailbox.scala:231)
	at akka.dispatch.Mailbox.exec(Mailbox.scala:243)
	at java.base/java.util.concurrent.ForkJoinTask.doExec(ForkJoinTask.java:290)
	at java.base/java.util.concurrent.ForkJoinPool$WorkQueue.topLevelExec(ForkJoinPool.java:1020)
	at java.base/java.util.concurrent.ForkJoinPool.scan(ForkJoinPool.java:1656)
	at java.base/java.util.concurrent.ForkJoinPool.runWorker(ForkJoinPool.java:1594)
	at java.base/java.util.concurrent.ForkJoinWorkerThread.run(ForkJoinWorkerThread.java:183)
2021-04-03 17:30:28.823UTC ERROR[EventsRouter-akka.actor.default-dispatcher-9] a.a.OneForOneStrategy - actor name [Eminem] is not unique!
akka.actor.InvalidActorNameException: actor name [Eminem] is not unique!
	at akka.actor.dungeon.ChildrenContainer$NormalChildrenContainer.reserve(ChildrenContainer.scala:134)
	at akka.actor.dungeon.Children.reserveChild(Children.scala:140)
	at akka.actor.dungeon.Children.reserveChild$(Children.scala:138)
	at akka.actor.ActorCell.reserveChild(ActorCell.scala:410)
	at akka.actor.dungeon.Children.makeChild(Children.scala:293)
	at akka.actor.dungeon.Children.attachChild(Children.scala:52)
	at akka.actor.dungeon.Children.attachChild$(Children.scala:51)
	at akka.actor.ActorCell.attachChild(ActorCell.scala:410)
	at akka.actor.ActorSystemImpl.actorOf(ActorSystem.scala:892)
	at BoxOfficeActor$$anonfun$receive$2.applyOrElse(actors.scala:78)
	at akka.actor.Actor.aroundReceive(Actor.scala:537)
	at akka.actor.Actor.aroundReceive$(Actor.scala:535)
	at BoxOfficeActor.aroundReceive(actors.scala:72)
	at akka.actor.ActorCell.receiveMessage(ActorCell.scala:577)
	at akka.actor.ActorCell.invoke(ActorCell.scala:547)
	at akka.dispatch.Mailbox.processMailbox(Mailbox.scala:270)
	at akka.dispatch.Mailbox.run(Mailbox.scala:231)
	at akka.dispatch.Mailbox.exec(Mailbox.scala:243)
	at java.base/java.util.concurrent.ForkJoinTask.doExec(ForkJoinTask.java:290)
	at java.base/java.util.concurrent.ForkJoinPool$WorkQueue.topLevelExec(ForkJoinPool.java:1020)
	at java.base/java.util.concurrent.ForkJoinPool.scan(ForkJoinPool.java:1656)
	at java.base/java.util.concurrent.ForkJoinPool.runWorker(ForkJoinPool.java:1594)
	at java.base/java.util.concurrent.ForkJoinWorkerThread.run(ForkJoinWorkerThread.java:183)
2021-04-03 17:31:16.435UTC ERROR[EventsRouter-akka.actor.default-dispatcher-9] a.a.OneForOneStrategy - actor name [RHCP] is not unique!
akka.actor.InvalidActorNameException: actor name [RHCP] is not unique!
	at akka.actor.dungeon.ChildrenContainer$NormalChildrenContainer.reserve(ChildrenContainer.scala:134)
	at akka.actor.dungeon.Children.reserveChild(Children.scala:140)
	at akka.actor.dungeon.Children.reserveChild$(Children.scala:138)
	at akka.actor.ActorCell.reserveChild(ActorCell.scala:410)
	at akka.actor.dungeon.Children.makeChild(Children.scala:293)
	at akka.actor.dungeon.Children.attachChild(Children.scala:52)
	at akka.actor.dungeon.Children.attachChild$(Children.scala:51)
	at akka.actor.ActorCell.attachChild(ActorCell.scala:410)
	at akka.actor.ActorSystemImpl.actorOf(ActorSystem.scala:892)
	at BoxOfficeActor$$anonfun$receive$2.applyOrElse(actors.scala:78)
	at akka.actor.Actor.aroundReceive(Actor.scala:537)
	at akka.actor.Actor.aroundReceive$(Actor.scala:535)
	at BoxOfficeActor.aroundReceive(actors.scala:72)
	at akka.actor.ActorCell.receiveMessage(ActorCell.scala:577)
	at akka.actor.ActorCell.invoke(ActorCell.scala:547)
	at akka.dispatch.Mailbox.processMailbox(Mailbox.scala:270)
	at akka.dispatch.Mailbox.run(Mailbox.scala:231)
	at akka.dispatch.Mailbox.exec(Mailbox.scala:243)
	at java.base/java.util.concurrent.ForkJoinTask.doExec(ForkJoinTask.java:290)
	at java.base/java.util.concurrent.ForkJoinPool$WorkQueue.topLevelExec(ForkJoinPool.java:1020)
	at java.base/java.util.concurrent.ForkJoinPool.scan(ForkJoinPool.java:1656)
	at java.base/java.util.concurrent.ForkJoinPool.runWorker(ForkJoinPool.java:1594)
	at java.base/java.util.concurrent.ForkJoinWorkerThread.run(ForkJoinWorkerThread.java:183)
