2021-03-29  INFO [Router-akka.actor.default-dispatcher-4] a.e.s.Slf4jLogger - Slf4jLogger started
2021-03-29 17:22:54.519UTC INFO [Router-akka.actor.default-dispatcher-7] WorkerActor - worker2 is working on: List(depuis, plusieurs, années.)
2021-03-29 17:22:54.522UTC INFO [Router-akka.actor.default-dispatcher-7] WorkerActor - worker1 is working on: List(associatif, et, culturel,, certaines)
2021-03-29 17:22:54.526UTC INFO [Router-akka.actor.default-dispatcher-7] WorkerActor - worker3 is working on: List(de, ses, activités, durent)
2021-03-29 17:22:54.530UTC INFO [Router-akka.actor.default-dispatcher-7] WorkerActor - worker3 is working on: List(mécénat, dans, le, milieu)
2021-03-29 17:22:54.533UTC INFO [Router-akka.actor.default-dispatcher-7] WorkerActor - worker3 is working on: List(s'investir, dans, des, activités)
2021-03-29 17:22:54.535UTC INFO [Router-akka.actor.default-dispatcher-7] WorkerActor - worker3 is working on: List(groupe, est, connu, pour)
2021-03-29 17:22:54.536UTC INFO [Router-akka.actor.default-dispatcher-7] WorkerActor - worker3 is working on: List(dirigeant., À, l'opposé,, le)
2021-03-29 17:22:54.537UTC INFO [Router-akka.actor.default-dispatcher-7] WorkerActor - worker3 is working on: List(le, salaire, de, son)
2021-03-29 17:22:54.538UTC INFO [Router-akka.actor.default-dispatcher-7] WorkerActor - worker3 is working on: List(de, leur, société, et)
2021-03-29 17:22:54.540UTC INFO [Router-akka.actor.default-dispatcher-7] WorkerActor - worker2 is working on: List(salariés, après, le, rachat)
2021-03-29 17:22:54.540UTC INFO [Router-akka.actor.default-dispatcher-7] WorkerActor - worker3 is working on: List(dégradation, des, acquis, des)
2021-03-29 17:22:54.541UTC INFO [Router-akka.actor.default-dispatcher-7] WorkerActor - worker2 is working on: List(cas, de, licenciements, abusifs,)
2021-03-29 17:22:54.541UTC INFO [Router-akka.actor.default-dispatcher-7] WorkerActor - worker2 is working on: List(Akka, Technologies, souffre, de)
2021-03-29 17:22:54.542UTC INFO [Router-akka.actor.default-dispatcher-7] WorkerActor - worker2 is working on: List(beaucoup, de, grands, groupes,)
2021-03-29 17:22:54.553UTC INFO [Router-akka.actor.default-dispatcher-7] WorkerActor - worker3 is working on: List(quelques, controverses, comme, des)
2021-03-29 17:22:54.554UTC INFO [Router-akka.actor.default-dispatcher-7] WorkerActor - worker3 is working on: List(automobile, Akka-ASP, team., Comme)
2021-03-29 17:22:54.557UTC INFO [Router-akka.actor.default-dispatcher-7] WorkerActor - worker3 is working on: List(de, l'écurie, de, sport)
2021-03-29 17:22:54.557UTC INFO [Router-akka.actor.default-dispatcher-5] WorkerActor - worker3 is working on: List(est, le, partenaire, titre)
2021-03-29 17:22:54.544UTC INFO [Router-akka.actor.default-dispatcher-4] WorkerActor - worker1 is working on: List(de, partenariat, et, de)
2021-03-29 17:22:54.570UTC INFO [Router-akka.actor.default-dispatcher-4] WorkerActor - worker2 is working on: List(Akka, Research., Akka, Technologies)
2021-03-29 17:22:54.570UTC INFO [Router-akka.actor.default-dispatcher-4] WorkerActor - worker1 is working on: List(et, développement, interne, nommé)
2021-03-29 17:22:54.571UTC INFO [Router-akka.actor.default-dispatcher-4] WorkerActor - worker2 is working on: List(un, centre, de, recherche)
2021-03-29 17:22:54.571UTC INFO [Router-akka.actor.default-dispatcher-4] WorkerActor - worker1 is working on: List(la, particularité, de, posséder)
2021-03-29 17:22:54.572UTC INFO [Router-akka.actor.default-dispatcher-4] WorkerActor - worker1 is working on: List(effectifs., Le, groupe, a)
2021-03-29 17:22:54.572UTC INFO [Router-akka.actor.default-dispatcher-4] WorkerActor - worker2 is working on: List(croissance, et, augmenter, ses)
2021-03-29 17:22:54.573UTC INFO [Router-akka.actor.default-dispatcher-4] WorkerActor - worker2 is working on: List(massifs, pour, suivre, sa)
2021-03-29 17:22:54.573UTC INFO [Router-akka.actor.default-dispatcher-4] WorkerActor - worker1 is working on: List(Technologies, effectue, des, recrutements)
2021-03-29 17:22:54.574UTC INFO [Router-akka.actor.default-dispatcher-4] WorkerActor - worker2 is working on: List(du, Numérique, (ESN),, Akka)
2021-03-29 17:22:54.574UTC INFO [Router-akka.actor.default-dispatcher-4] WorkerActor - worker1 is working on: List(autres, Entreprises, de, Services)
2021-03-29 17:22:54.574UTC INFO [Router-akka.actor.default-dispatcher-4] WorkerActor - worker2 is working on: List(Suisse., Comme, de, nombreuses)
2021-03-29 17:22:54.575UTC INFO [Router-akka.actor.default-dispatcher-4] WorkerActor - worker1 is working on: List(Amérique, du, Nord, et)
2021-03-29 17:22:54.575UTC INFO [Router-akka.actor.default-dispatcher-4] WorkerActor - worker2 is working on: List(Maroc,, Roumanie,, Royaume-Uni,, Chine,)
2021-03-29 17:22:54.577UTC INFO [Router-akka.actor.default-dispatcher-4] WorkerActor - worker1 is working on: List(Belgique,, Espagne,, Inde,, Italie,)
2021-03-29 17:22:54.577UTC INFO [Router-akka.actor.default-dispatcher-4] WorkerActor - worker2 is working on: List(France, ainsi, qu'en, Allemagne,)
2021-03-29 17:22:54.579UTC INFO [Router-akka.actor.default-dispatcher-4] WorkerActor - worker2 is working on: List(de, cinquante, implantations, en)
2021-03-29 17:22:54.579UTC INFO [Router-akka.actor.default-dispatcher-4] WorkerActor - worker1 is working on: List(groupe, disposent, de, plus)
2021-03-29 17:22:54.579UTC INFO [Router-akka.actor.default-dispatcher-5] WorkerActor - worker3 is working on: List(télécommunications., Les, sociétés, du)
2021-03-29 17:22:54.579UTC INFO [Router-akka.actor.default-dispatcher-5] WorkerActor - worker2 is working on: List(défense,, spatial,, système, d'information,)
2021-03-29 17:22:54.579UTC INFO [Router-akka.actor.default-dispatcher-5] WorkerActor - worker1 is working on: List(aéronautique,, automobile,, énergie,, ferroviaire,)
2021-03-29 17:22:54.580UTC INFO [Router-akka.actor.default-dispatcher-5] WorkerActor - worker3 is working on: List(tertiaires,, à, savoir, notamment)
2021-03-29 17:22:54.580UTC INFO [Router-akka.actor.default-dispatcher-5] WorkerActor - worker2 is working on: List(secteurs, d'activités, industriels, et)
2021-03-29 17:22:54.581UTC INFO [Router-akka.actor.default-dispatcher-5] WorkerActor - worker1 is working on: List(positionné, sur, l'ensemble, des)
2021-03-29 17:22:54.582UTC INFO [Router-akka.actor.default-dispatcher-5] WorkerActor - worker3 is working on: List(Ricci., Le, groupe, est)
2021-03-29 17:22:54.582UTC INFO [Router-akka.actor.default-dispatcher-5] WorkerActor - worker1 is working on: List(conseil, en, technologies,, fondé)
2021-03-29 17:22:54.582UTC INFO [Router-akka.actor.default-dispatcher-5] WorkerActor - worker3 is working on: List(groupe, d'ingénierie, et, de)
2021-03-29 17:22:54.583UTC INFO [Router-akka.actor.default-dispatcher-5] WorkerActor - worker2 is working on: List(et, dirigé, par, Maurice)
2021-03-29 17:22:54.583UTC INFO [Router-akka.actor.default-dispatcher-5] WorkerActor - worker1 is working on: List(Akka, Technologies, est, un)
2021-03-29 17:22:54.583UTC INFO [Router-akka.actor.default-dispatcher-5] WorkerActor - worker3 is working on: List()
2021-03-29 17:22:54.584UTC INFO [Router-akka.actor.default-dispatcher-5] MasterActor - Here is the word count: HashMap(le -> 5, des -> 6, est -> 4, fondé -> 1, du -> 3, Amérique -> 1, activités -> 2, licenciements -> 1, controverses -> 1, d'ingénierie -> 1, Nord -> 1, dégradation -> 1, dans -> 2, interne -> 1, système -> 1, Les -> 1, technologies, -> 1, dirigeant. -> 1, effectifs. -> 1, Maurice -> 1, Belgique, -> 1, notamment -> 1, augmenter -> 1, Akka-ASP -> 1, recrutements -> 1, sociétés -> 1, plus -> 1, groupe -> 5, croissance -> 1, par -> 1, Technologies -> 4, sur -> 1, énergie, -> 1, recherche -> 1, nombreuses -> 1, Suisse. -> 1, team. -> 1, À -> 1, a -> 1, depuis -> 1, développement -> 1, télécommunications. -> 1, durent -> 1, la -> 1, à -> 1, Royaume-Uni, -> 1, partenariat -> 1, automobile, -> 1, plusieurs -> 1, salariés -> 1, groupes, -> 1, implantations -> 1, cas -> 1, secteurs -> 1, certaines -> 1, l'opposé, -> 1, et -> 9, de -> 17, beaucoup -> 1, (ESN), -> 1, tertiaires, -> 1, Research. -> 1, Inde, -> 1, Espagne, -> 1, leur -> 1, conseil -> 1, industriels -> 1, quelques -> 1, spatial, -> 1, particularité -> 1, acquis -> 1, automobile -> 1, partenaire -> 1, comme -> 1, massifs -> 1, ses -> 2, après -> 1, connu -> 1, Roumanie, -> 1, grands -> 1, Numérique -> 1, l'écurie -> 1, abusifs, -> 1, Le -> 2, sport -> 1, mécénat -> 1, pour -> 2, culturel, -> 1, son -> 1, Entreprises -> 1, ainsi -> 1, société -> 1, en -> 2, Italie, -> 1, Comme -> 2, suivre -> 1, un -> 2, qu'en -> 1, rachat -> 1, Allemagne, -> 1, autres -> 1, Akka -> 5, positionné -> 1, dirigé -> 1, disposent -> 1, Services -> 1, milieu -> 1, savoir -> 1, France -> 1, l'ensemble -> 1, souffre -> 1, s'investir -> 1, années. -> 1, Ricci. -> 1, sa -> 1, d'information, -> 1, Chine, -> 1, posséder -> 1, titre -> 1, centre -> 1, aéronautique, -> 1, d'activités -> 1, nommé -> 1, effectue -> 1, ferroviaire, -> 1, cinquante -> 1, salaire -> 1, associatif -> 1, défense, -> 1, Maroc, -> 1)
2021-03-30  INFO [EventsRouter-akka.actor.default-dispatcher-4] a.e.s.Slf4jLogger - Slf4jLogger started
2021-03-30  INFO [EventsRouter-akka.actor.default-dispatcher-5] a.e.s.Slf4jLogger - Slf4jLogger started
2021-03-30 11:37:13.034UTC INFO [EventsRouter-akka.actor.default-dispatcher-5] a.a.ActorSystemImpl - Server ###online}:127.0.0.1/ WARNING arguments left: 1
2021-03-30  INFO [EventsRouter-akka.actor.default-dispatcher-6] a.e.s.Slf4jLogger - Slf4jLogger started
2021-03-30 11:39:23.225UTC INFO [EventsRouter-akka.actor.default-dispatcher-7] RestApiActor - RestAPI asks box office to create the event RHCP (2500)
2021-03-30 11:39:24.348UTC INFO [EventsRouter-akka.actor.default-dispatcher-8] a.a.ActorSystemImpl - Server ###online}:127.0.0.1/ WARNING arguments left: 1
2021-03-30  INFO [EventsRouter-akka.actor.default-dispatcher-6] a.e.s.Slf4jLogger - Slf4jLogger started
2021-03-30 11:40:55.926UTC INFO [EventsRouter-akka.actor.default-dispatcher-7] RestApiActor - RestAPI asks box office to create the event RHCP (2500)
2021-03-30 11:40:55.943UTC INFO [EventsRouter-akka.actor.default-dispatcher-7] BoxOfficeActor - Box office creates an event RHCP (2500)
2021-03-30 11:40:59.124UTC INFO [EventsRouter-akka.actor.default-dispatcher-6] a.a.ActorSystemImpl - Server ###online}:127.0.0.1/ WARNING arguments left: 1
2021-03-30  INFO [EventsRouter-akka.actor.default-dispatcher-5] a.e.s.Slf4jLogger - Slf4jLogger started
2021-03-30 11:44:16.627UTC INFO [EventsRouter-akka.actor.default-dispatcher-5] RestApiActor - RestAPI asks box office to create the event RHCP (2500)
2021-03-30 11:44:16.645UTC INFO [EventsRouter-akka.actor.default-dispatcher-8] BoxOfficeActor - Box office creates an event RHCP (2500)
2021-03-30 11:44:17.772UTC INFO [EventsRouter-akka.actor.default-dispatcher-8] a.a.ActorSystemImpl - Server ###online}:127.0.0.1/ WARNING arguments left: 1
2021-03-30  INFO [EventsRouter-akka.actor.default-dispatcher-6] a.e.s.Slf4jLogger - Slf4jLogger started
2021-03-30 12:06:00.530UTC INFO [EventsRouter-akka.actor.default-dispatcher-7] RestApiActor - RestAPI asks box office to create the event RHCP (2500)
2021-03-30 12:06:00.539UTC INFO [EventsRouter-akka.actor.default-dispatcher-7] BoxOfficeActor - Box office creates an event RHCP (2500)
2021-03-30 12:06:02.115UTC INFO [EventsRouter-akka.actor.default-dispatcher-10] a.a.ActorSystemImpl - Server ###online}:127.0.0.1/ WARNING arguments left: 1
2021-03-30  INFO [EventsRouter-akka.actor.default-dispatcher-6] a.e.s.Slf4jLogger - Slf4jLogger started
2021-03-30 12:08:17.488UTC INFO [EventsRouter-akka.actor.default-dispatcher-6] RestApiActor - RestAPI asks box office to create the event RHCP (2500)
2021-03-30 12:08:17.488UTC INFO [EventsRouter-akka.actor.default-dispatcher-6] RestApiActor - RestAPI asks box office to buy 10 tickets for RHCP
2021-03-30 12:08:17.502UTC INFO [EventsRouter-akka.actor.default-dispatcher-6] BoxOfficeActor - Box office creates an event RHCP (2500)
2021-03-30 12:08:17.509UTC INFO [EventsRouter-akka.actor.default-dispatcher-8] BoxOfficeActor - Box office asks ticket seller to buy 10 tickets
2021-03-30  INFO [EventsRouter-akka.actor.default-dispatcher-4] a.e.s.Slf4jLogger - Slf4jLogger started
2021-03-30 12:33:49.555UTC INFO [EventsRouter-akka.actor.default-dispatcher-4] RestApiActor - RestAPI asks box office to create the event RHCP (2500)
2021-03-30 12:33:49.558UTC INFO [EventsRouter-akka.actor.default-dispatcher-5] BoxOfficeActor - Box office creates an event RHCP (2500)
2021-03-30 12:33:49.559UTC INFO [EventsRouter-akka.actor.default-dispatcher-5] RestApiActor - RestAPI asks box office to buy 10 tickets for RHCP
2021-03-30 12:33:49.566UTC INFO [EventsRouter-akka.actor.default-dispatcher-5] BoxOfficeActor - Box office asks ticket seller to buy 10 tickets
2021-03-30 12:33:49.582UTC INFO [EventsRouter-akka.actor.default-dispatcher-5] RestApiActor - RestAPI receives Vector(Ticket : RHCP | number : 1, Ticket : RHCP | number : 2, Ticket : RHCP | number : 3, Ticket : RHCP | number : 4, Ticket : RHCP | number : 5, Ticket : RHCP | number : 6, Ticket : RHCP | number : 7, Ticket : RHCP | number : 8, Ticket : RHCP | number : 9, Ticket : RHCP | number : 10, Ticket : RHCP | number : 11)
2021-03-30  INFO [EventsRouter-akka.actor.default-dispatcher-4] a.e.s.Slf4jLogger - Slf4jLogger started
2021-03-30 12:34:58.133UTC INFO [EventsRouter-akka.actor.default-dispatcher-5] RestApiActor - RestAPI asks box office to create the event RHCP (2500)
2021-03-30 12:34:58.135UTC INFO [EventsRouter-akka.actor.default-dispatcher-5] RestApiActor - RestAPI asks box office to buy 10 tickets for RHCP
2021-03-30 12:34:58.146UTC INFO [EventsRouter-akka.actor.default-dispatcher-5] BoxOfficeActor - Box office creates an event RHCP (2500)
2021-03-30 12:34:58.146UTC INFO [EventsRouter-akka.actor.default-dispatcher-5] BoxOfficeActor - Box office asks ticket seller to buy 10 tickets
2021-03-30 12:34:58.157UTC INFO [EventsRouter-akka.actor.default-dispatcher-5] RestApiActor - RestAPI receives Vector(Ticket : RHCP | number : 1, Ticket : RHCP | number : 2, Ticket : RHCP | number : 3, Ticket : RHCP | number : 4, Ticket : RHCP | number : 5, Ticket : RHCP | number : 6, Ticket : RHCP | number : 7, Ticket : RHCP | number : 8, Ticket : RHCP | number : 9, Ticket : RHCP | number : 10)
2021-03-30  INFO [EventsRouter-akka.actor.default-dispatcher-6] a.e.s.Slf4jLogger - Slf4jLogger started
2021-03-30 12:36:31.193UTC INFO [EventsRouter-akka.actor.default-dispatcher-6] RestApiActor - RestAPI asks box office to create the event RHCP (2500)
2021-03-30 12:36:31.196UTC INFO [EventsRouter-akka.actor.default-dispatcher-6] RestApiActor - RestAPI asks box office to buy 10 tickets for RHCP
2021-03-30 12:36:31.236UTC INFO [EventsRouter-akka.actor.default-dispatcher-6] BoxOfficeActor - Box office creates an event RHCP (2500)
2021-03-30 12:36:31.244UTC INFO [EventsRouter-akka.actor.default-dispatcher-9] BoxOfficeActor - Box office asks ticket seller to buy 10 tickets
2021-03-30 12:36:31.276UTC INFO [EventsRouter-akka.actor.default-dispatcher-7] a.a.DeadLetterActorRef - Message [TicketVectors] from Actor[akka://EventsRouter/user/RHCP#1235670536] to Actor[akka://EventsRouter/deadLetters] was not delivered. [1] dead letters encountered. If this is not an expected behavior then Actor[akka://EventsRouter/deadLetters] may have terminated unexpectedly. This logging can be turned off or adjusted with configuration settings 'akka.log-dead-letters' and 'akka.log-dead-letters-during-shutdown'.
2021-03-30  INFO [EventsRouter-akka.actor.default-dispatcher-6] a.e.s.Slf4jLogger - Slf4jLogger started
2021-03-30 12:39:20.640UTC INFO [EventsRouter-akka.actor.default-dispatcher-7] RestApiActor - RestAPI asks box office to create the event RHCP (2500)
2021-03-30 12:39:20.642UTC INFO [EventsRouter-akka.actor.default-dispatcher-7] RestApiActor - RestAPI asks box office to buy 10 tickets for RHCP
2021-03-30 12:39:20.643UTC INFO [EventsRouter-akka.actor.default-dispatcher-7] BoxOfficeActor - Box office creates an event RHCP (2500)
2021-03-30 12:39:20.643UTC INFO [EventsRouter-akka.actor.default-dispatcher-7] BoxOfficeActor - Box office asks ticket seller to buy 10 tickets
2021-03-30 12:39:20.662UTC INFO [EventsRouter-akka.actor.default-dispatcher-9] RestApiActor - RestAPI receives Vector(Ticket : RHCP | number : 1, Ticket : RHCP | number : 2, Ticket : RHCP | number : 3, Ticket : RHCP | number : 4, Ticket : RHCP | number : 5, Ticket : RHCP | number : 6, Ticket : RHCP | number : 7, Ticket : RHCP | number : 8, Ticket : RHCP | number : 9, Ticket : RHCP | number : 10)
2021-03-30 12:39:20.665UTC INFO [EventsRouter-akka.actor.default-dispatcher-9] RestApiActor - MAP: Map(event -> RHCP, entries -> Vector(Map(id -> 1), Map(id -> 2), Map(id -> 3), Map(id -> 4), Map(id -> 5), Map(id -> 6), Map(id -> 7), Map(id -> 8), Map(id -> 9), Map(id -> 10)))
2021-03-30  INFO [EventsRouter-akka.actor.default-dispatcher-6] a.e.s.Slf4jLogger - Slf4jLogger started
2021-03-30 12:41:21.339UTC INFO [EventsRouter-akka.actor.default-dispatcher-7] RestApiActor - RestAPI asks box office to create the event RHCP (2500)
2021-03-30 12:41:21.345UTC INFO [EventsRouter-akka.actor.default-dispatcher-7] RestApiActor - RestAPI asks box office to buy 10 tickets for RHCP
2021-03-30 12:41:21.346UTC INFO [EventsRouter-akka.actor.default-dispatcher-7] BoxOfficeActor - Box office creates an event RHCP (2500)
2021-03-30 12:41:21.347UTC INFO [EventsRouter-akka.actor.default-dispatcher-7] BoxOfficeActor - Box office asks ticket seller to buy 10 tickets
2021-03-30 12:41:21.370UTC INFO [EventsRouter-akka.actor.default-dispatcher-8] a.a.DeadLetterActorRef - Message [TicketVectors] from Actor[akka://EventsRouter/user/RHCP#208527108] to Actor[akka://EventsRouter/deadLetters] was not delivered. [1] dead letters encountered. If this is not an expected behavior then Actor[akka://EventsRouter/deadLetters] may have terminated unexpectedly. This logging can be turned off or adjusted with configuration settings 'akka.log-dead-letters' and 'akka.log-dead-letters-during-shutdown'.
2021-03-30  INFO [EventsRouter-akka.actor.default-dispatcher-5] a.e.s.Slf4jLogger - Slf4jLogger started
2021-03-30 12:42:27.722UTC INFO [EventsRouter-akka.actor.default-dispatcher-5] RestApiActor - RestAPI asks box office to create the event RHCP (2500)
2021-03-30 12:42:27.723UTC INFO [EventsRouter-akka.actor.default-dispatcher-5] RestApiActor - RestAPI asks box office to buy 10 tickets for RHCP
2021-03-30 12:42:27.725UTC INFO [EventsRouter-akka.actor.default-dispatcher-5] BoxOfficeActor - Box office creates an event RHCP (2500)
2021-03-30 12:42:27.727UTC INFO [EventsRouter-akka.actor.default-dispatcher-5] BoxOfficeActor - Box office asks ticket seller to buy 10 tickets
2021-03-30 12:42:27.746UTC INFO [EventsRouter-akka.actor.default-dispatcher-6] a.a.DeadLetterActorRef - Message [TicketVectors] from Actor[akka://EventsRouter/user/RHCP#1803856508] to Actor[akka://EventsRouter/deadLetters] was not delivered. [1] dead letters encountered. If this is not an expected behavior then Actor[akka://EventsRouter/deadLetters] may have terminated unexpectedly. This logging can be turned off or adjusted with configuration settings 'akka.log-dead-letters' and 'akka.log-dead-letters-during-shutdown'.
2021-03-30 12:42:28.749UTC INFO [EventsRouter-akka.actor.default-dispatcher-5] a.a.ActorSystemImpl - Server ###online}:127.0.0.1/ WARNING arguments left: 1
2021-03-30  INFO [EventsRouter-akka.actor.default-dispatcher-4] a.e.s.Slf4jLogger - Slf4jLogger started
2021-03-30 12:42:57.816UTC INFO [EventsRouter-akka.actor.default-dispatcher-5] RestApiActor - RestAPI asks box office to create the event RHCP (2500)
2021-03-30 12:42:57.817UTC INFO [EventsRouter-akka.actor.default-dispatcher-5] RestApiActor - RestAPI asks box office to buy 10 tickets for RHCP
2021-03-30 12:42:57.821UTC INFO [EventsRouter-akka.actor.default-dispatcher-5] BoxOfficeActor - Box office creates an event RHCP (2500)
2021-03-30 12:42:57.822UTC INFO [EventsRouter-akka.actor.default-dispatcher-5] BoxOfficeActor - Box office asks ticket seller to buy 10 tickets
2021-03-30 12:42:57.834UTC INFO [EventsRouter-akka.actor.default-dispatcher-7] RestApiActor - RestAPI receives Map(event -> RHCP, entries -> Vector(Map(id -> 1), Map(id -> 2), Map(id -> 3), Map(id -> 4), Map(id -> 5), Map(id -> 6), Map(id -> 7), Map(id -> 8), Map(id -> 9), Map(id -> 10)))
2021-03-30 12:42:58.815UTC INFO [EventsRouter-akka.actor.default-dispatcher-7] a.a.ActorSystemImpl - Server ###online}:127.0.0.1/ WARNING arguments left: 1
2021-03-30  INFO [EventsRouter-akka.actor.default-dispatcher-6] a.e.s.Slf4jLogger - Slf4jLogger started
2021-03-30 13:00:03.500UTC INFO [EventsRouter-akka.actor.default-dispatcher-6] RestApiActor - RestAPI asks box office to create the event RHCP (2500)
2021-03-30 13:00:03.501UTC INFO [EventsRouter-akka.actor.default-dispatcher-6] RestApiActor - RestAPI asks box office to buy 10 tickets for RHCP
2021-03-30 13:00:03.502UTC INFO [EventsRouter-akka.actor.default-dispatcher-6] BoxOfficeActor - Box office creates an event RHCP (2500)
2021-03-30 13:00:03.503UTC INFO [EventsRouter-akka.actor.default-dispatcher-6] BoxOfficeActor - Box office asks ticket seller to buy 10 tickets
2021-03-30 13:00:03.526UTC INFO [EventsRouter-akka.actor.default-dispatcher-6] RestApiActor - RestAPI receives Map(event -> RHCP, entries -> Vector(Map(id -> 1), Map(id -> 2), Map(id -> 3), Map(id -> 4), Map(id -> 5), Map(id -> 6), Map(id -> 7), Map(id -> 8), Map(id -> 9), Map(id -> 10)))
2021-03-30 13:00:04.632UTC INFO [EventsRouter-akka.actor.default-dispatcher-7] a.a.ActorSystemImpl - Server ###online}:127.0.0.1/ WARNING arguments left: 1
2021-03-30  INFO [EventsRouter-akka.actor.default-dispatcher-6] a.e.s.Slf4jLogger - Slf4jLogger started
2021-03-30 13:08:39.409UTC INFO [EventsRouter-akka.actor.default-dispatcher-7] a.a.ActorSystemImpl - Server ###online}:127.0.0.1/ WARNING arguments left: 1
2021-03-30 13:12:32.160UTC INFO [EventsRouter-akka.actor.default-dispatcher-9] RestApiActor - RestAPI asks box office to create the event RHCP (2500)
2021-03-30 13:12:32.163UTC INFO [EventsRouter-akka.actor.default-dispatcher-9] BoxOfficeActor - Box office creates an event RHCP (2500)
2021-03-30  INFO [EventsRouter-akka.actor.default-dispatcher-6] a.e.s.Slf4jLogger - Slf4jLogger started
2021-03-30 13:13:30.070UTC INFO [EventsRouter-akka.actor.default-dispatcher-6] a.a.ActorSystemImpl - Server ###online}:127.0.0.1/ WARNING arguments left: 1
2021-03-30 13:13:35.386UTC INFO [EventsRouter-akka.actor.default-dispatcher-9] RestApiActor - RestAPI asks box office to create the event RHCP (2500)
2021-03-30 13:13:35.389UTC INFO [EventsRouter-akka.actor.default-dispatcher-9] BoxOfficeActor - Box office creates an event RHCP (2500)
2021-03-30  INFO [EventsRouter-akka.actor.default-dispatcher-5] a.e.s.Slf4jLogger - Slf4jLogger started
2021-03-30 13:41:06.422UTC INFO [EventsRouter-akka.actor.default-dispatcher-7] a.a.ActorSystemImpl - Server ###online}:127.0.0.1/ WARNING arguments left: 1
2021-03-30 13:41:16.776UTC INFO [EventsRouter-akka.actor.default-dispatcher-5] RestApiActor - RestAPI asks box office to create the event RHCP (2500)
2021-03-30 13:41:16.779UTC INFO [EventsRouter-akka.actor.default-dispatcher-7] BoxOfficeActor - Box office creates an event RHCP (2500)
2021-03-30 13:41:49.220UTC INFO [EventsRouter-akka.actor.default-dispatcher-10] RestApiActor - RestAPI asks box office to buy 10 tickets for RHCP
2021-03-30 13:41:49.220UTC INFO [EventsRouter-akka.actor.default-dispatcher-10] RestApiActor - SENDER: Actor[akka://EventsRouter/deadLetters]!!!
2021-03-30 13:41:49.221UTC INFO [EventsRouter-akka.actor.default-dispatcher-10] BoxOfficeActor - Box office asks ticket seller to buy 10 tickets
2021-03-30 13:41:49.232UTC INFO [EventsRouter-akka.actor.default-dispatcher-9] RestApiActor - RestAPI receives Map(event -> RHCP, entries -> Vector(Map(id -> 1), Map(id -> 2), Map(id -> 3), Map(id -> 4), Map(id -> 5), Map(id -> 6), Map(id -> 7), Map(id -> 8), Map(id -> 9), Map(id -> 10)))
2021-03-30  INFO [EventsRouter-akka.actor.default-dispatcher-5] a.e.s.Slf4jLogger - Slf4jLogger started
2021-03-30 13:55:15.169UTC INFO [EventsRouter-akka.actor.default-dispatcher-6] a.a.ActorSystemImpl - Server ###online}:127.0.0.1/ WARNING arguments left: 1
2021-03-30 13:55:27.340UTC INFO [EventsRouter-akka.actor.default-dispatcher-8] RestApiActor - RestAPI asks box office to create the event RHCP (2500)
2021-03-30 13:55:27.342UTC INFO [EventsRouter-akka.actor.default-dispatcher-8] BoxOfficeActor - Box office creates an event RHCP (2500)
2021-03-30 13:55:31.456UTC INFO [EventsRouter-akka.actor.default-dispatcher-8] RestApiActor - RestAPI asks box office to buy 10 tickets for RHCP
2021-03-30 13:55:31.467UTC INFO [EventsRouter-akka.actor.default-dispatcher-8] RestApiActor - SENDER: Actor[akka://EventsRouter/temp/$a$a]!!!
2021-03-30 13:55:31.476UTC INFO [EventsRouter-akka.actor.default-dispatcher-8] BoxOfficeActor - Box office asks ticket seller to buy 10 tickets
2021-03-30 13:55:31.506UTC INFO [EventsRouter-akka.actor.default-dispatcher-9] a.a.DeadLetterActorRef - Message [TicketVectors] from Actor[akka://EventsRouter/user/RHCP#-536887044] to Actor[akka://EventsRouter/deadLetters] was not delivered. [1] dead letters encountered. If this is not an expected behavior then Actor[akka://EventsRouter/deadLetters] may have terminated unexpectedly. This logging can be turned off or adjusted with configuration settings 'akka.log-dead-letters' and 'akka.log-dead-letters-during-shutdown'.
2021-03-30 13:56:04.747UTC INFO [EventsRouter-akka.actor.default-dispatcher-5] RestApiActor - RestAPI asks box office to buy 10 tickets for RHCP
2021-03-30 13:56:04.747UTC INFO [EventsRouter-akka.actor.default-dispatcher-5] RestApiActor - SENDER: Actor[akka://EventsRouter/temp/$a$b]!!!
2021-03-30 13:56:04.747UTC INFO [EventsRouter-akka.actor.default-dispatcher-5] BoxOfficeActor - Box office asks ticket seller to buy 10 tickets
2021-03-30 13:56:04.747UTC INFO [EventsRouter-akka.actor.default-dispatcher-5] a.a.DeadLetterActorRef - Message [TicketVectors] from Actor[akka://EventsRouter/user/RHCP#-536887044] to Actor[akka://EventsRouter/deadLetters] was not delivered. [2] dead letters encountered. If this is not an expected behavior then Actor[akka://EventsRouter/deadLetters] may have terminated unexpectedly. This logging can be turned off or adjusted with configuration settings 'akka.log-dead-letters' and 'akka.log-dead-letters-during-shutdown'.
2021-03-30 13:56:07.013UTC INFO [EventsRouter-akka.actor.default-dispatcher-5] RestApiActor - RestAPI asks box office to buy 10 tickets for RHCP
2021-03-30 13:56:07.013UTC INFO [EventsRouter-akka.actor.default-dispatcher-5] RestApiActor - SENDER: Actor[akka://EventsRouter/temp/$a$c]!!!
2021-03-30 13:56:07.014UTC INFO [EventsRouter-akka.actor.default-dispatcher-5] BoxOfficeActor - Box office asks ticket seller to buy 10 tickets
2021-03-30 13:56:07.020UTC INFO [EventsRouter-akka.actor.default-dispatcher-5] a.a.DeadLetterActorRef - Message [TicketVectors] from Actor[akka://EventsRouter/user/RHCP#-536887044] to Actor[akka://EventsRouter/deadLetters] was not delivered. [3] dead letters encountered. If this is not an expected behavior then Actor[akka://EventsRouter/deadLetters] may have terminated unexpectedly. This logging can be turned off or adjusted with configuration settings 'akka.log-dead-letters' and 'akka.log-dead-letters-during-shutdown'.
2021-03-30  INFO [EventsRouter-akka.actor.default-dispatcher-4] a.e.s.Slf4jLogger - Slf4jLogger started
2021-03-30 13:57:52.722UTC INFO [EventsRouter-akka.actor.default-dispatcher-5] a.a.ActorSystemImpl - Server ###online}:127.0.0.1/ WARNING arguments left: 1
2021-03-30 13:58:20.865UTC INFO [EventsRouter-akka.actor.default-dispatcher-5] RestApiActor - RestAPI asks box office to create the event RHCP (2500)
2021-03-30 13:58:20.870UTC INFO [EventsRouter-akka.actor.default-dispatcher-8] BoxOfficeActor - Box office creates an event RHCP (2500)
2021-03-30 13:58:24.729UTC INFO [EventsRouter-akka.actor.default-dispatcher-10] RestApiActor - RestAPI asks box office to buy 10 tickets for RHCP
2021-03-30 13:58:24.744UTC INFO [EventsRouter-akka.actor.default-dispatcher-11] RestApiActor - SENDER: Actor[akka://EventsRouter/temp/$a$a]!!!
2021-03-30 13:58:24.751UTC INFO [EventsRouter-akka.actor.default-dispatcher-4] BoxOfficeActor - Box office asks ticket seller to buy 10 tickets
2021-03-30 13:58:24.759UTC INFO [EventsRouter-akka.actor.default-dispatcher-4] TicketSellerActor - Ticket seller sends 10
2021-03-30 13:58:24.801UTC INFO [EventsRouter-akka.actor.default-dispatcher-5] RestApiActor - RestAPI receives Map(event -> RHCP, entries -> Vector(Map(id -> 1), Map(id -> 2), Map(id -> 3), Map(id -> 4), Map(id -> 5), Map(id -> 6), Map(id -> 7), Map(id -> 8), Map(id -> 9), Map(id -> 10)))
2021-03-30  INFO [EventsRouter-akka.actor.default-dispatcher-5] a.e.s.Slf4jLogger - Slf4jLogger started
2021-03-30 14:01:10.810UTC INFO [EventsRouter-akka.actor.default-dispatcher-7] a.a.ActorSystemImpl - Server ###online}:127.0.0.1/ WARNING arguments left: 1
2021-03-30 14:01:18.121UTC INFO [EventsRouter-akka.actor.default-dispatcher-5] RestApiActor - RestAPI asks box office to create the event RHCP (2500)
2021-03-30 14:01:18.124UTC INFO [EventsRouter-akka.actor.default-dispatcher-5] BoxOfficeActor - Box office creates an event RHCP (2500)
2021-03-30 14:01:21.276UTC INFO [EventsRouter-akka.actor.default-dispatcher-7] RestApiActor - RestAPI asks box office to buy 10 tickets for RHCP
2021-03-30 14:01:21.281UTC INFO [EventsRouter-akka.actor.default-dispatcher-10] RestApiActor - SENDER: Actor[akka://EventsRouter/temp/$a$a]!!!
2021-03-30 14:01:21.283UTC INFO [EventsRouter-akka.actor.default-dispatcher-5] BoxOfficeActor - Box office asks ticket seller to buy 10 tickets
2021-03-30 14:01:21.309UTC INFO [EventsRouter-akka.actor.default-dispatcher-6] TicketSellerActor - Ticket seller sends 10
2021-03-30 14:01:21.348UTC INFO [EventsRouter-akka.actor.default-dispatcher-9] a.a.DeadLetterActorRef - Message [TicketVectors] from Actor[akka://EventsRouter/user/RHCP#782368544] to Actor[akka://EventsRouter/deadLetters] was not delivered. [1] dead letters encountered. If this is not an expected behavior then Actor[akka://EventsRouter/deadLetters] may have terminated unexpectedly. This logging can be turned off or adjusted with configuration settings 'akka.log-dead-letters' and 'akka.log-dead-letters-during-shutdown'.
2021-03-30 14:02:11.933UTC INFO [EventsRouter-akka.actor.default-dispatcher-5] RestApiActor - RestAPI asks box office to buy 10 tickets for RHCP
2021-03-30 14:02:11.933UTC INFO [EventsRouter-akka.actor.default-dispatcher-5] RestApiActor - SENDER: Actor[akka://EventsRouter/temp/$a$b]!!!
2021-03-30 14:02:11.933UTC INFO [EventsRouter-akka.actor.default-dispatcher-5] BoxOfficeActor - Box office asks ticket seller to buy 10 tickets
2021-03-30 14:02:11.933UTC INFO [EventsRouter-akka.actor.default-dispatcher-5] TicketSellerActor - Ticket seller sends 10
2021-03-30 14:02:11.933UTC INFO [EventsRouter-akka.actor.default-dispatcher-5] a.a.DeadLetterActorRef - Message [TicketVectors] from Actor[akka://EventsRouter/user/RHCP#782368544] to Actor[akka://EventsRouter/deadLetters] was not delivered. [2] dead letters encountered. If this is not an expected behavior then Actor[akka://EventsRouter/deadLetters] may have terminated unexpectedly. This logging can be turned off or adjusted with configuration settings 'akka.log-dead-letters' and 'akka.log-dead-letters-during-shutdown'.
2021-03-30  INFO [EventsRouter-akka.actor.default-dispatcher-6] a.e.s.Slf4jLogger - Slf4jLogger started
2021-03-30 14:15:04.485UTC INFO [EventsRouter-akka.actor.default-dispatcher-7] a.a.ActorSystemImpl - Server ###online}:127.0.0.1/ WARNING arguments left: 1
2021-03-30 14:15:10.584UTC INFO [EventsRouter-akka.actor.default-dispatcher-9] RestApiActor - RestAPI asks box office to create the event RHCP (2500)
2021-03-30 14:15:10.588UTC INFO [EventsRouter-akka.actor.default-dispatcher-7] BoxOfficeActor - Box office creates an event RHCP (2500)
2021-03-30 14:15:13.506UTC INFO [EventsRouter-akka.actor.default-dispatcher-12] RestApiActor - RestAPI asks box office to buy 10 tickets for RHCP
2021-03-30 14:15:13.508UTC INFO [EventsRouter-akka.actor.default-dispatcher-11] RestApiActor - SENDER: Actor[akka://EventsRouter/temp/$a$a]!!!
2021-03-30 14:15:13.510UTC INFO [EventsRouter-akka.actor.default-dispatcher-12] BoxOfficeActor - Box office asks ticket seller to buy 10 tickets
2021-03-30 14:15:13.518UTC INFO [EventsRouter-akka.actor.default-dispatcher-11] TicketSellerActor - Ticket seller sends 10
2021-03-30 14:15:13.527UTC INFO [EventsRouter-akka.actor.default-dispatcher-12] RestApiActor - RestAPI receives Map(event -> RHCP, entries -> Vector(Map(id -> 1), Map(id -> 2), Map(id -> 3), Map(id -> 4), Map(id -> 5), Map(id -> 6), Map(id -> 7), Map(id -> 8), Map(id -> 9), Map(id -> 10)))
2021-03-30  INFO [EventsRouter-akka.actor.default-dispatcher-4] a.e.s.Slf4jLogger - Slf4jLogger started
2021-03-30 14:31:35.233UTC INFO [EventsRouter-akka.actor.default-dispatcher-5] a.a.ActorSystemImpl - Server ###online}:127.0.0.1/ WARNING arguments left: 1
2021-03-30 14:31:57.266UTC INFO [EventsRouter-akka.actor.default-dispatcher-8] RestApiActor - RestAPI asks box office to create the event RHCP (2500)
2021-03-30 14:31:57.268UTC INFO [EventsRouter-akka.actor.default-dispatcher-8] BoxOfficeActor - Box office creates an event RHCP (2500)
2021-03-30 14:32:00.430UTC INFO [EventsRouter-akka.actor.default-dispatcher-9] RestApiActor - RestAPI asks box office to buy 10 tickets for RHCP
2021-03-30 14:32:00.432UTC INFO [EventsRouter-akka.actor.default-dispatcher-8] RestApiActor - SENDER: Actor[akka://EventsRouter/temp/$a$a]!!!
2021-03-30 14:32:00.433UTC INFO [EventsRouter-akka.actor.default-dispatcher-8] BoxOfficeActor - Box office asks ticket seller to buy 10 tickets
2021-03-30 14:32:00.437UTC INFO [EventsRouter-akka.actor.default-dispatcher-8] TicketSellerActor - Ticket seller sends 10
2021-03-30 14:32:00.452UTC INFO [EventsRouter-akka.actor.default-dispatcher-9] a.a.DeadLetterActorRef - Message [TicketVectors] from Actor[akka://EventsRouter/user/RHCP#787833664] to Actor[akka://EventsRouter/deadLetters] was not delivered. [1] dead letters encountered. If this is not an expected behavior then Actor[akka://EventsRouter/deadLetters] may have terminated unexpectedly. This logging can be turned off or adjusted with configuration settings 'akka.log-dead-letters' and 'akka.log-dead-letters-during-shutdown'.
2021-04-03  INFO [EventsRouter-akka.actor.default-dispatcher-6] a.e.s.Slf4jLogger - Slf4jLogger started
2021-04-03 15:56:07.828UTC INFO [EventsRouter-akka.actor.default-dispatcher-6] a.a.ActorSystemImpl - Server ###online}:127.0.0.1/ WARNING arguments left: 1
2021-04-03 16:03:08.105UTC INFO [EventsRouter-akka.actor.default-dispatcher-12] RestApiActor - RestAPI asks box office to create the event RHCP (3000)
2021-04-03 16:03:08.110UTC INFO [EventsRouter-akka.actor.default-dispatcher-13] BoxOfficeActor - Box office creates an event RHCP (3000)
2021-04-03 16:04:52.600UTC INFO [EventsRouter-akka.actor.default-dispatcher-9] RestApiActor - RestAPI asks box office to buy 10 tickets for RHCP
2021-04-03 16:04:52.602UTC INFO [EventsRouter-akka.actor.default-dispatcher-9] RestApiActor - SENDER: Actor[akka://EventsRouter/temp/$a$a]!!!
2021-04-03 16:04:52.602UTC INFO [EventsRouter-akka.actor.default-dispatcher-9] BoxOfficeActor - Box office asks ticket seller to buy 10 tickets
2021-04-03 16:04:52.610UTC INFO [EventsRouter-akka.actor.default-dispatcher-9] TicketSellerActor - Ticket seller sends 10
2021-04-03 16:04:52.614UTC INFO [EventsRouter-akka.actor.default-dispatcher-9] a.a.DeadLetterActorRef - Message [TicketVectors] from Actor[akka://EventsRouter/user/RHCP#-947293310] to Actor[akka://EventsRouter/deadLetters] was not delivered. [1] dead letters encountered. If this is not an expected behavior then Actor[akka://EventsRouter/deadLetters] may have terminated unexpectedly. This logging can be turned off or adjusted with configuration settings 'akka.log-dead-letters' and 'akka.log-dead-letters-during-shutdown'.
2021-04-03 16:05:16.095UTC INFO [EventsRouter-akka.actor.default-dispatcher-15] RestApiActor - RestAPI asks box office to buy 10 tickets for RHCP
2021-04-03 16:05:16.095UTC INFO [EventsRouter-akka.actor.default-dispatcher-15] RestApiActor - SENDER: Actor[akka://EventsRouter/temp/$a$b]!!!
2021-04-03 16:05:16.095UTC INFO [EventsRouter-akka.actor.default-dispatcher-15] BoxOfficeActor - Box office asks ticket seller to buy 10 tickets
2021-04-03 16:05:16.095UTC INFO [EventsRouter-akka.actor.default-dispatcher-15] TicketSellerActor - Ticket seller sends 10
2021-04-03 16:05:16.095UTC INFO [EventsRouter-akka.actor.default-dispatcher-15] a.a.DeadLetterActorRef - Message [TicketVectors] from Actor[akka://EventsRouter/user/RHCP#-947293310] to Actor[akka://EventsRouter/deadLetters] was not delivered. [2] dead letters encountered. If this is not an expected behavior then Actor[akka://EventsRouter/deadLetters] may have terminated unexpectedly. This logging can be turned off or adjusted with configuration settings 'akka.log-dead-letters' and 'akka.log-dead-letters-during-shutdown'.
2021-04-03  INFO [EventsRouter-akka.actor.default-dispatcher-6] a.e.s.Slf4jLogger - Slf4jLogger started
2021-04-03 16:05:47.538UTC INFO [EventsRouter-akka.actor.default-dispatcher-7] a.a.ActorSystemImpl - Server ###online}:127.0.0.1/ WARNING arguments left: 1
2021-04-03 16:05:48.627UTC INFO [EventsRouter-akka.actor.default-dispatcher-7] RestApiActor - RestAPI asks box office to buy 10 tickets for RHCP
2021-04-03 16:05:48.628UTC INFO [EventsRouter-akka.actor.default-dispatcher-7] RestApiActor - SENDER: Actor[akka://EventsRouter/temp/$a$a]!!!
2021-04-03 16:05:55.287UTC INFO [EventsRouter-akka.actor.default-dispatcher-9] RestApiActor - RestAPI asks box office to create the event RHCP (3000)
2021-04-03 16:05:55.290UTC INFO [EventsRouter-akka.actor.default-dispatcher-10] BoxOfficeActor - Box office creates an event RHCP (3000)
2021-04-03 16:06:35.280UTC INFO [EventsRouter-akka.actor.default-dispatcher-7] RestApiActor - RestAPI asks box office to buy 10 tickets for RHCP
2021-04-03 16:06:35.280UTC INFO [EventsRouter-akka.actor.default-dispatcher-7] RestApiActor - SENDER: Actor[akka://EventsRouter/temp/$a$b]!!!
2021-04-03 16:06:35.280UTC INFO [EventsRouter-akka.actor.default-dispatcher-7] BoxOfficeActor - Box office asks ticket seller to buy 10 tickets
2021-04-03 16:06:35.284UTC INFO [EventsRouter-akka.actor.default-dispatcher-7] TicketSellerActor - Ticket seller sends 10
2021-04-03 16:06:35.288UTC INFO [EventsRouter-akka.actor.default-dispatcher-7] RestApiActor - RestAPI receives Map(event -> RHCP, entries -> Vector(Map(id -> 1), Map(id -> 2), Map(id -> 3), Map(id -> 4), Map(id -> 5), Map(id -> 6), Map(id -> 7), Map(id -> 8), Map(id -> 9), Map(id -> 10)))
2021-04-03  INFO [EventsRouter-akka.actor.default-dispatcher-4] a.e.s.Slf4jLogger - Slf4jLogger started
2021-04-03 16:31:26.694UTC INFO [EventsRouter-akka.actor.default-dispatcher-4] RestApiActor - RestAPI asks box office to create the event RHCP (2500)
2021-04-03 16:31:26.725UTC INFO [EventsRouter-akka.actor.default-dispatcher-5] BoxOfficeActor - Box office creates an event RHCP (2500)
2021-04-03  INFO [EventsRouter-akka.actor.default-dispatcher-5] a.e.s.Slf4jLogger - Slf4jLogger started
2021-04-03 16:32:31.337UTC INFO [EventsRouter-akka.actor.default-dispatcher-6] RestApiActor - RestAPI asks box office to create the event RHCP (2500)
2021-04-03 16:32:31.344UTC INFO [EventsRouter-akka.actor.default-dispatcher-5] BoxOfficeActor - Box office creates an event RHCP (2500)
2021-04-03 16:32:32.092UTC INFO [EventsRouter-akka.actor.default-dispatcher-8] a.a.ActorSystemImpl - Server ###online}:127.0.0.1/ WARNING arguments left: 1
2021-04-03 16:37:33.353UTC INFO [EventsRouter-akka.actor.default-dispatcher-11] RestApiActor - RestAPI asks box office to create the event Daft Punk (3000)
2021-04-03  INFO [EventsRouter-akka.actor.default-dispatcher-4] a.e.s.Slf4jLogger - Slf4jLogger started
2021-04-03 16:46:11.540UTC INFO [EventsRouter-akka.actor.default-dispatcher-4] a.a.ActorSystemImpl - Server ###online}:127.0.0.1/ WARNING arguments left: 1
2021-04-03 16:46:20.899UTC INFO [EventsRouter-akka.actor.default-dispatcher-8] RestApiActor - RestAPI asks box office to create the event Daft Punk (3000)
2021-04-03 16:46:28.322UTC INFO [EventsRouter-akka.actor.default-dispatcher-5] RestApiActor - RestAPI asks box office to create the event RHCP (3000)
2021-04-03 16:46:28.323UTC INFO [EventsRouter-akka.actor.default-dispatcher-5] BoxOfficeActor - Box office creates an event RHCP (3000)
2021-04-03 16:47:06.329UTC INFO [EventsRouter-akka.actor.default-dispatcher-5] RestApiActor - RestAPI asks box office to create the event BEATLES (3000)
2021-04-03 16:47:06.329UTC INFO [EventsRouter-akka.actor.default-dispatcher-5] BoxOfficeActor - Box office creates an event BEATLES (3000)
2021-04-03  INFO [EventsRouter-akka.actor.default-dispatcher-4] a.e.s.Slf4jLogger - Slf4jLogger started
2021-04-03 16:57:34.162UTC INFO [EventsRouter-akka.actor.default-dispatcher-4] a.a.ActorSystemImpl - Server ###online}:127.0.0.1/ WARNING arguments left: 1
2021-04-03 16:57:45.686UTC INFO [EventsRouter-akka.actor.default-dispatcher-4] RestApiActor - RestAPI asks box office to create the event RHCP (3000)
2021-04-03 16:57:45.689UTC INFO [EventsRouter-akka.actor.default-dispatcher-9] BoxOfficeActor - Box office creates an event RHCP (3000)
2021-04-03 16:57:45.696UTC INFO [EventsRouter-akka.actor.default-dispatcher-9] RestApiActor - RestAPI acknoledges the event creation
2021-04-03 16:58:01.418UTC INFO [EventsRouter-akka.actor.default-dispatcher-8] RestApiActor - RestAPI asks box office to create the event Eminem (3000)
2021-04-03 16:58:01.419UTC INFO [EventsRouter-akka.actor.default-dispatcher-11] BoxOfficeActor - Box office creates an event Eminem (3000)
2021-04-03 16:58:01.420UTC INFO [EventsRouter-akka.actor.default-dispatcher-11] RestApiActor - RestAPI acknoledges the event creation
2021-04-03 16:58:07.502UTC INFO [EventsRouter-akka.actor.default-dispatcher-8] RestApiActor - RestAPI asks box office about all available events
2021-04-03 16:58:15.338UTC INFO [EventsRouter-akka.actor.default-dispatcher-8] RestApiActor - RestAPI asks box office to buy 10 tickets for RHCP
2021-04-03 16:58:15.338UTC INFO [EventsRouter-akka.actor.default-dispatcher-11] BoxOfficeActor - Box office asks ticket seller to buy 10 tickets
2021-04-03 16:58:15.341UTC INFO [EventsRouter-akka.actor.default-dispatcher-8] TicketSellerActor - Ticket seller sends 10
2021-04-03 16:58:15.343UTC INFO [EventsRouter-akka.actor.default-dispatcher-11] RestApiActor - RestAPI receives Map(event -> RHCP, entries -> Vector(Map(id -> 1), Map(id -> 2), Map(id -> 3), Map(id -> 4), Map(id -> 5), Map(id -> 6), Map(id -> 7), Map(id -> 8), Map(id -> 9), Map(id -> 10)))
2021-04-03 16:58:18.780UTC INFO [EventsRouter-akka.actor.default-dispatcher-8] RestApiActor - RestAPI asks box office to buy 10 tickets for RHCP
2021-04-03 16:58:18.780UTC INFO [EventsRouter-akka.actor.default-dispatcher-8] BoxOfficeActor - Box office asks ticket seller to buy 10 tickets
2021-04-03 16:58:18.781UTC INFO [EventsRouter-akka.actor.default-dispatcher-8] TicketSellerActor - Ticket seller sends 10
2021-04-03 16:58:18.781UTC INFO [EventsRouter-akka.actor.default-dispatcher-8] RestApiActor - RestAPI receives Map(event -> RHCP, entries -> Vector(Map(id -> 11), Map(id -> 12), Map(id -> 13), Map(id -> 14), Map(id -> 15), Map(id -> 16), Map(id -> 17), Map(id -> 18), Map(id -> 19), Map(id -> 20)))
2021-04-03  INFO [EventsRouter-akka.actor.default-dispatcher-6] a.e.s.Slf4jLogger - Slf4jLogger started
2021-04-03 17:28:01.050UTC INFO [EventsRouter-akka.actor.default-dispatcher-7] a.a.ActorSystemImpl - Server ###online}:127.0.0.1/ WARNING arguments left: 1
2021-04-03 17:28:45.392UTC INFO [EventsRouter-akka.actor.default-dispatcher-6] RestApiActor - RestAPI asks box office to create the event RHCP (3000)
2021-04-03 17:28:45.394UTC INFO [EventsRouter-akka.actor.default-dispatcher-11] BoxOfficeActor - Box office creates an event RHCP (3000)
2021-04-03 17:28:45.396UTC INFO [EventsRouter-akka.actor.default-dispatcher-11] RestApiActor - RestAPI acknowledges the event creation
2021-04-03 17:29:00.410UTC INFO [EventsRouter-akka.actor.default-dispatcher-13] RestApiActor - RestAPI asks box office to create the event Eminem (3000)
2021-04-03 17:29:00.410UTC INFO [EventsRouter-akka.actor.default-dispatcher-13] BoxOfficeActor - Box office creates an event Eminem (3000)
2021-04-03 17:29:00.410UTC INFO [EventsRouter-akka.actor.default-dispatcher-13] RestApiActor - RestAPI acknowledges the event creation
2021-04-03 17:30:28.818UTC INFO [EventsRouter-akka.actor.default-dispatcher-10] RestApiActor - RestAPI asks box office to create the event Eminem (3000)
2021-04-03 17:30:42.059UTC INFO [EventsRouter-akka.actor.default-dispatcher-6] RestApiActor - RestAPI asks box office about all available events
2021-04-03 17:30:55.739UTC INFO [EventsRouter-akka.actor.default-dispatcher-10] RestApiActor - RestAPI asks box office about all available events
2021-04-03 17:31:16.435UTC INFO [EventsRouter-akka.actor.default-dispatcher-9] RestApiActor - RestAPI asks box office to create the event RHCP (3000)
2021-04-03 17:31:27.840UTC INFO [EventsRouter-akka.actor.default-dispatcher-6] RestApiActor - RestAPI asks box office to create the event Rihanna (3000)
2021-04-03 17:31:27.841UTC INFO [EventsRouter-akka.actor.default-dispatcher-6] BoxOfficeActor - Box office creates an event Rihanna (3000)
2021-04-03 17:31:27.841UTC INFO [EventsRouter-akka.actor.default-dispatcher-6] RestApiActor - RestAPI acknowledges the event creation
2021-04-03 17:31:31.150UTC INFO [EventsRouter-akka.actor.default-dispatcher-6] RestApiActor - RestAPI asks box office about all available events
2021-04-03 17:31:48.489UTC INFO [EventsRouter-akka.actor.default-dispatcher-12] RestApiActor - RestAPI asks box office to remove the event Rihanna
2021-04-03 17:31:48.489UTC INFO [EventsRouter-akka.actor.default-dispatcher-12] BoxOfficeActor - Box office deletes the event Rihanna
2021-04-03 17:31:48.489UTC INFO [EventsRouter-akka.actor.default-dispatcher-12] RestApiActor - RestAPI acknowledges the event deletion
2021-04-03 17:31:51.649UTC INFO [EventsRouter-akka.actor.default-dispatcher-11] RestApiActor - RestAPI asks box office about all available events
2021-04-03  INFO [EventsRouter-akka.actor.default-dispatcher-6] a.e.s.Slf4jLogger - Slf4jLogger started
2021-04-03 17:34:21.462UTC INFO [EventsRouter-akka.actor.default-dispatcher-8] a.a.ActorSystemImpl - Server ###online}:127.0.0.1/ WARNING arguments left: 1
2021-04-03 17:35:06.827UTC INFO [EventsRouter-akka.actor.default-dispatcher-8] RestApiActor - RestAPI asks box office to create the event RHCP (3000)
2021-04-03 17:35:06.829UTC INFO [EventsRouter-akka.actor.default-dispatcher-8] BoxOfficeActor - Box office creates an event RHCP (3000)
2021-04-03 17:35:06.832UTC INFO [EventsRouter-akka.actor.default-dispatcher-8] RestApiActor - RestAPI acknowledges the event creation
2021-04-03 17:35:10.489UTC INFO [EventsRouter-akka.actor.default-dispatcher-13] RestApiActor - RestAPI asks box office about all available events
2021-04-03  INFO [EventsRouter-akka.actor.default-dispatcher-4] a.e.s.Slf4jLogger - Slf4jLogger started
2021-04-03 17:36:29.070UTC INFO [EventsRouter-akka.actor.default-dispatcher-5] a.a.ActorSystemImpl - Server ###online}:127.0.0.1/ WARNING arguments left: 1
2021-04-03 17:36:38.762UTC INFO [EventsRouter-akka.actor.default-dispatcher-8] RestApiActor - RestAPI asks box office to create the event RHCP (3000)
2021-04-03 17:36:38.765UTC INFO [EventsRouter-akka.actor.default-dispatcher-9] BoxOfficeActor - Box office creates an event RHCP (3000)
2021-04-03 17:36:38.766UTC INFO [EventsRouter-akka.actor.default-dispatcher-9] RestApiActor - RestAPI acknowledges the event creation
2021-04-03 17:36:41.917UTC INFO [EventsRouter-akka.actor.default-dispatcher-5] RestApiActor - RestAPI asks box office about all available events
2021-04-03  INFO [EventsRouter-akka.actor.default-dispatcher-5] a.e.s.Slf4jLogger - Slf4jLogger started
2021-04-03 17:38:40.354UTC INFO [EventsRouter-akka.actor.default-dispatcher-6] a.a.ActorSystemImpl - Server ###online}:127.0.0.1/ WARNING arguments left: 1
2021-04-03 17:38:50.167UTC INFO [EventsRouter-akka.actor.default-dispatcher-8] RestApiActor - RestAPI asks box office to create the event RHCP (3000)
2021-04-03 17:38:50.170UTC INFO [EventsRouter-akka.actor.default-dispatcher-8] BoxOfficeActor - Box office creates an event RHCP (3000)
2021-04-03 17:38:50.171UTC INFO [EventsRouter-akka.actor.default-dispatcher-9] RestApiActor - RestAPI acknowledges the event creation
