2021-03-29  INFO [Router-akka.actor.default-dispatcher-4] a.e.s.Slf4jLogger - Slf4jLogger started
2021-03-29 17:22:54.519UTC INFO [Router-akka.actor.default-dispatcher-7] WorkerActor - worker2 is working on: List(depuis, plusieurs, années.)
2021-03-29 17:22:54.522UTC INFO [Router-akka.actor.default-dispatcher-7] WorkerActor - worker1 is working on: List(associatif, et, culturel,, certaines)
2021-03-29 17:22:54.526UTC INFO [Router-akka.actor.default-dispatcher-7] WorkerActor - worker3 is working on: List(de, ses, activités, durent)
2021-03-29 17:22:54.530UTC INFO [Router-akka.actor.default-dispatcher-7] WorkerActor - worker3 is working on: List(mécénat, dans, le, milieu)
2021-03-29 17:22:54.533UTC INFO [Router-akka.actor.default-dispatcher-7] WorkerActor - worker3 is working on: List(s'investir, dans, des, activités)
2021-03-29 17:22:54.535UTC INFO [Router-akka.actor.default-dispatcher-7] WorkerActor - worker3 is working on: List(groupe, est, connu, pour)
2021-03-29 17:22:54.536UTC INFO [Router-akka.actor.default-dispatcher-7] WorkerActor - worker3 is working on: List(dirigeant., À, l'opposé,, le)
2021-03-29 17:22:54.537UTC INFO [Router-akka.actor.default-dispatcher-7] WorkerActor - worker3 is working on: List(le, salaire, de, son)
2021-03-29 17:22:54.538UTC INFO [Router-akka.actor.default-dispatcher-7] WorkerActor - worker3 is working on: List(de, leur, société, et)
2021-03-29 17:22:54.540UTC INFO [Router-akka.actor.default-dispatcher-7] WorkerActor - worker2 is working on: List(salariés, après, le, rachat)
2021-03-29 17:22:54.540UTC INFO [Router-akka.actor.default-dispatcher-7] WorkerActor - worker3 is working on: List(dégradation, des, acquis, des)
2021-03-29 17:22:54.541UTC INFO [Router-akka.actor.default-dispatcher-7] WorkerActor - worker2 is working on: List(cas, de, licenciements, abusifs,)
2021-03-29 17:22:54.541UTC INFO [Router-akka.actor.default-dispatcher-7] WorkerActor - worker2 is working on: List(Akka, Technologies, souffre, de)
2021-03-29 17:22:54.542UTC INFO [Router-akka.actor.default-dispatcher-7] WorkerActor - worker2 is working on: List(beaucoup, de, grands, groupes,)
2021-03-29 17:22:54.553UTC INFO [Router-akka.actor.default-dispatcher-7] WorkerActor - worker3 is working on: List(quelques, controverses, comme, des)
2021-03-29 17:22:54.554UTC INFO [Router-akka.actor.default-dispatcher-7] WorkerActor - worker3 is working on: List(automobile, Akka-ASP, team., Comme)
2021-03-29 17:22:54.557UTC INFO [Router-akka.actor.default-dispatcher-7] WorkerActor - worker3 is working on: List(de, l'écurie, de, sport)
2021-03-29 17:22:54.557UTC INFO [Router-akka.actor.default-dispatcher-5] WorkerActor - worker3 is working on: List(est, le, partenaire, titre)
2021-03-29 17:22:54.544UTC INFO [Router-akka.actor.default-dispatcher-4] WorkerActor - worker1 is working on: List(de, partenariat, et, de)
2021-03-29 17:22:54.570UTC INFO [Router-akka.actor.default-dispatcher-4] WorkerActor - worker2 is working on: List(Akka, Research., Akka, Technologies)
2021-03-29 17:22:54.570UTC INFO [Router-akka.actor.default-dispatcher-4] WorkerActor - worker1 is working on: List(et, développement, interne, nommé)
2021-03-29 17:22:54.571UTC INFO [Router-akka.actor.default-dispatcher-4] WorkerActor - worker2 is working on: List(un, centre, de, recherche)
2021-03-29 17:22:54.571UTC INFO [Router-akka.actor.default-dispatcher-4] WorkerActor - worker1 is working on: List(la, particularité, de, posséder)
2021-03-29 17:22:54.572UTC INFO [Router-akka.actor.default-dispatcher-4] WorkerActor - worker1 is working on: List(effectifs., Le, groupe, a)
2021-03-29 17:22:54.572UTC INFO [Router-akka.actor.default-dispatcher-4] WorkerActor - worker2 is working on: List(croissance, et, augmenter, ses)
2021-03-29 17:22:54.573UTC INFO [Router-akka.actor.default-dispatcher-4] WorkerActor - worker2 is working on: List(massifs, pour, suivre, sa)
2021-03-29 17:22:54.573UTC INFO [Router-akka.actor.default-dispatcher-4] WorkerActor - worker1 is working on: List(Technologies, effectue, des, recrutements)
2021-03-29 17:22:54.574UTC INFO [Router-akka.actor.default-dispatcher-4] WorkerActor - worker2 is working on: List(du, Numérique, (ESN),, Akka)
2021-03-29 17:22:54.574UTC INFO [Router-akka.actor.default-dispatcher-4] WorkerActor - worker1 is working on: List(autres, Entreprises, de, Services)
2021-03-29 17:22:54.574UTC INFO [Router-akka.actor.default-dispatcher-4] WorkerActor - worker2 is working on: List(Suisse., Comme, de, nombreuses)
2021-03-29 17:22:54.575UTC INFO [Router-akka.actor.default-dispatcher-4] WorkerActor - worker1 is working on: List(Amérique, du, Nord, et)
2021-03-29 17:22:54.575UTC INFO [Router-akka.actor.default-dispatcher-4] WorkerActor - worker2 is working on: List(Maroc,, Roumanie,, Royaume-Uni,, Chine,)
2021-03-29 17:22:54.577UTC INFO [Router-akka.actor.default-dispatcher-4] WorkerActor - worker1 is working on: List(Belgique,, Espagne,, Inde,, Italie,)
2021-03-29 17:22:54.577UTC INFO [Router-akka.actor.default-dispatcher-4] WorkerActor - worker2 is working on: List(France, ainsi, qu'en, Allemagne,)
2021-03-29 17:22:54.579UTC INFO [Router-akka.actor.default-dispatcher-4] WorkerActor - worker2 is working on: List(de, cinquante, implantations, en)
2021-03-29 17:22:54.579UTC INFO [Router-akka.actor.default-dispatcher-4] WorkerActor - worker1 is working on: List(groupe, disposent, de, plus)
2021-03-29 17:22:54.579UTC INFO [Router-akka.actor.default-dispatcher-5] WorkerActor - worker3 is working on: List(télécommunications., Les, sociétés, du)
2021-03-29 17:22:54.579UTC INFO [Router-akka.actor.default-dispatcher-5] WorkerActor - worker2 is working on: List(défense,, spatial,, système, d'information,)
2021-03-29 17:22:54.579UTC INFO [Router-akka.actor.default-dispatcher-5] WorkerActor - worker1 is working on: List(aéronautique,, automobile,, énergie,, ferroviaire,)
2021-03-29 17:22:54.580UTC INFO [Router-akka.actor.default-dispatcher-5] WorkerActor - worker3 is working on: List(tertiaires,, à, savoir, notamment)
2021-03-29 17:22:54.580UTC INFO [Router-akka.actor.default-dispatcher-5] WorkerActor - worker2 is working on: List(secteurs, d'activités, industriels, et)
2021-03-29 17:22:54.581UTC INFO [Router-akka.actor.default-dispatcher-5] WorkerActor - worker1 is working on: List(positionné, sur, l'ensemble, des)
2021-03-29 17:22:54.582UTC INFO [Router-akka.actor.default-dispatcher-5] WorkerActor - worker3 is working on: List(Ricci., Le, groupe, est)
2021-03-29 17:22:54.582UTC INFO [Router-akka.actor.default-dispatcher-5] WorkerActor - worker1 is working on: List(conseil, en, technologies,, fondé)
2021-03-29 17:22:54.582UTC INFO [Router-akka.actor.default-dispatcher-5] WorkerActor - worker3 is working on: List(groupe, d'ingénierie, et, de)
2021-03-29 17:22:54.583UTC INFO [Router-akka.actor.default-dispatcher-5] WorkerActor - worker2 is working on: List(et, dirigé, par, Maurice)
2021-03-29 17:22:54.583UTC INFO [Router-akka.actor.default-dispatcher-5] WorkerActor - worker1 is working on: List(Akka, Technologies, est, un)
2021-03-29 17:22:54.583UTC INFO [Router-akka.actor.default-dispatcher-5] WorkerActor - worker3 is working on: List()
2021-03-29 17:22:54.584UTC INFO [Router-akka.actor.default-dispatcher-5] MasterActor - Here is the word count: HashMap(le -> 5, des -> 6, est -> 4, fondé -> 1, du -> 3, Amérique -> 1, activités -> 2, licenciements -> 1, controverses -> 1, d'ingénierie -> 1, Nord -> 1, dégradation -> 1, dans -> 2, interne -> 1, système -> 1, Les -> 1, technologies, -> 1, dirigeant. -> 1, effectifs. -> 1, Maurice -> 1, Belgique, -> 1, notamment -> 1, augmenter -> 1, Akka-ASP -> 1, recrutements -> 1, sociétés -> 1, plus -> 1, groupe -> 5, croissance -> 1, par -> 1, Technologies -> 4, sur -> 1, énergie, -> 1, recherche -> 1, nombreuses -> 1, Suisse. -> 1, team. -> 1, À -> 1, a -> 1, depuis -> 1, développement -> 1, télécommunications. -> 1, durent -> 1, la -> 1, à -> 1, Royaume-Uni, -> 1, partenariat -> 1, automobile, -> 1, plusieurs -> 1, salariés -> 1, groupes, -> 1, implantations -> 1, cas -> 1, secteurs -> 1, certaines -> 1, l'opposé, -> 1, et -> 9, de -> 17, beaucoup -> 1, (ESN), -> 1, tertiaires, -> 1, Research. -> 1, Inde, -> 1, Espagne, -> 1, leur -> 1, conseil -> 1, industriels -> 1, quelques -> 1, spatial, -> 1, particularité -> 1, acquis -> 1, automobile -> 1, partenaire -> 1, comme -> 1, massifs -> 1, ses -> 2, après -> 1, connu -> 1, Roumanie, -> 1, grands -> 1, Numérique -> 1, l'écurie -> 1, abusifs, -> 1, Le -> 2, sport -> 1, mécénat -> 1, pour -> 2, culturel, -> 1, son -> 1, Entreprises -> 1, ainsi -> 1, société -> 1, en -> 2, Italie, -> 1, Comme -> 2, suivre -> 1, un -> 2, qu'en -> 1, rachat -> 1, Allemagne, -> 1, autres -> 1, Akka -> 5, positionné -> 1, dirigé -> 1, disposent -> 1, Services -> 1, milieu -> 1, savoir -> 1, France -> 1, l'ensemble -> 1, souffre -> 1, s'investir -> 1, années. -> 1, Ricci. -> 1, sa -> 1, d'information, -> 1, Chine, -> 1, posséder -> 1, titre -> 1, centre -> 1, aéronautique, -> 1, d'activités -> 1, nommé -> 1, effectue -> 1, ferroviaire, -> 1, cinquante -> 1, salaire -> 1, associatif -> 1, défense, -> 1, Maroc, -> 1)
